{"numFailedTestSuites":0,"numFailedTests":0,"numPassedTestSuites":1,"numPassedTests":5,"numPendingTestSuites":0,"numPendingTests":0,"numRuntimeErrorTestSuites":0,"numTodoTests":0,"numTotalTestSuites":1,"numTotalTests":5,"openHandles":[],"snapshot":{"added":0,"didUpdate":false,"failure":false,"filesAdded":0,"filesRemoved":0,"filesRemovedList":[],"filesUnmatched":0,"filesUpdated":0,"matched":0,"total":0,"unchecked":0,"uncheckedKeysByFile":[],"unmatched":0,"updated":0},"startTime":1787101178370,"success":true,"testResults":[{"assertionResults":[{"ancestorTitles":["squareOrSquareRoot"],"duration":3,"failing":false,"failureDetails":[],"failureMessages":[],"fullName":"squareOrSquareRoot returns square roots for perfect squares","invocations":1,"location":null,"numPassingAsserts":1,"retryReasons":[],"startAt":1787101178570,"status":"passed","title":"returns square roots for perfect squares"},{"ancestorTitles":["squareOrSquareRoot"],"duration":0,"failing":false,"failureDetails":[],"failureMessages":[],"fullName":"squareOrSquareRoot returns squares for non-perfect squares","invocations":1,"location":null,"numPassingAsserts":1,"retryReasons":[],"startAt":1787101178574,"status":"passed","title":"returns squares for non-perfect squares"},{"ancestorTitles":["squareOrSquareRoot"],"duration":0,"failing":false,"failureDetails":[],"failureMessages":[],"fullName":"squareOrSquareRoot handles mixed input values","invocations":1,"location":null,"numPassingAsserts":1,"retryReasons":[],"startAt":1787101178575,"status":"passed","title":"handles mixed input values"},{"ancestorTitles":["squareOrSquareRoot"],"duration":1,"failing":false,"failureDetails":[],"failureMessages":[],"fullName":"squareOrSquareRoot does not mutate the input array","invocations":1,"location":null,"numPassingAsserts":1,"retryReasons":[],"startAt":1787101178575,"status":"passed","title":"does not mutate the input array"},{"ancestorTitles":["squareOrSquareRoot"],"duration":0,"failing":false,"failureDetails":[],"failureMessages":[],"fullName":"squareOrSquareRoot returns an empty array for empty input","invocations":1,"location":null,"numPassingAsserts":1,"retryReasons":[],"startAt":1787101178576,"status":"passed","title":"returns an empty array for empty input"}],"endTime":1787101178578,"message":"","name":"/home/naomi/Documents/ler/verival/VerVal-SquareRoot-jest-/index.test.js","startTime":1787101178431,"status":"passed","summary":""}],"wasInterrupted":false}
